<?xml version="1.0" encoding="UTF-8"?>
<!-- Generated by org.testng.reporters.JUnitXMLReporter -->
<testsuite ignored="0" hostname="DESKTOP-94VM1BS" failures="0" tests="3" name="Submit Order Test" time="56.753" errors="0" timestamp="2025-03-05T18:36:24 IST">
  <testcase classname="shubhambhartiyacademy.SeleniumFrameworkDesign.submitOrderTest" name="submitOrder" time="13.525"/>
  <testcase classname="shubhambhartiyacademy.SeleniumFrameworkDesign.submitOrderTest" name="submitOrder" time="17.251"/>
  <testcase classname="shubhambhartiyacademy.SeleniumFrameworkDesign.submitOrderTest" name="verfiyOrderHistoryTest" time="1.251"/>
</testsuite> <!-- Submit Order Test -->
