<?xml version="1.0" encoding="UTF-8"?>
<testng-results ignored="0" total="1" passed="1" failed="0" skipped="0">
  <reporter-output>
  </reporter-output>
  <suite started-at="2025-04-15T15:33:51 IST" name="Suite" finished-at="2025-04-15T15:34:34 IST" duration-ms="43508">
    <groups>
    </groups>
    <test started-at="2025-04-15T15:33:51 IST" name="FormAndBookTest" finished-at="2025-04-15T15:34:34 IST" duration-ms="43508">
      <class name="tests.DemoQATest">
        <test-method is-config="true" signature="setup(java.lang.String)[pri:0, instance:tests.DemoQATest@cc43f62]" started-at="2025-04-15T15:33:51 IST" name="setup" finished-at="2025-04-15T15:33:55 IST" duration-ms="4059" status="PASS">
          <params>
            <param index="0">
              <value>
                <![CDATA[chrome]]>
              </value>
            </param>
          </params>
          <reporter-output>
          </reporter-output>
        </test-method> <!-- setup -->
        <test-method signature="testPracticeFormAndBookStore()[pri:0, instance:tests.DemoQATest@cc43f62]" started-at="2025-04-15T15:33:55 IST" name="testPracticeFormAndBookStore" finished-at="2025-04-15T15:34:32 IST" duration-ms="37355" status="PASS">
          <reporter-output>
          </reporter-output>
        </test-method> <!-- testPracticeFormAndBookStore -->
        <test-method is-config="true" signature="teardown()[pri:0, instance:tests.DemoQATest@cc43f62]" started-at="2025-04-15T15:34:32 IST" name="teardown" finished-at="2025-04-15T15:34:34 IST" duration-ms="1971" status="PASS">
          <reporter-output>
          </reporter-output>
        </test-method> <!-- teardown -->
      </class> <!-- tests.DemoQATest -->
    </test> <!-- FormAndBookTest -->
  </suite> <!-- Suite -->
</testng-results>
